<?xml version="1.0" encoding="UTF-8"?>
<testsuite name="org.openmuc.axdr.compiler.someexamples.SomeExamplesCodingTest" tests="1" skipped="0" failures="0" errors="0" timestamp="2017-06-17T00:02:28" hostname="mcmahonpc-X450CP" time="0.014">
  <properties/>
  <testcase name="encodingDecoding" classname="org.openmuc.axdr.compiler.someexamples.SomeExamplesCodingTest" time="0.014"/>
  <system-out><![CDATA[0x83 0xfb 0xda 0x08 0x81 0x59 0x00 0x08  0x03 0xfd 0x02 0x0c 0x22 0x00 0x02 0x27  
0x20 0x00 0x01 0x01 0x82 0x12 0x67 
0x83 0xfb 0xda 0x08 0x81 0x59 0x00 0x08  0x03 0xfd 0x02 0x0c 0x22 0x00 0x02 0x27  
0x20 0x00 0x01 0x01 0x82 0x12 0x67 
]]></system-out>
  <system-err><![CDATA[]]></system-err>
</testsuite>
