<?xml version="1.0" encoding="UTF-8"?>
<testsuite name="org.openmuc.axdr.compiler.someexamples.SomeExamplesCompilingTest" tests="1" skipped="0" failures="0" errors="0" timestamp="2017-06-23T16:56:08" hostname="mcmahonpc-X450CP" time="2.825">
  <properties/>
  <testcase name="compiling" classname="org.openmuc.axdr.compiler.someexamples.SomeExamplesCompilingTest" time="2.825"/>
  <system-out><![CDATA[/home/mcmahonpc/Desktop/ikusi/jdlms_iot/asn1/axdr-compiler/.
Generated code will be saved in: src/test/java/org/openmuc/axdr/compiler/someexamples/generated
]]></system-out>
  <system-err><![CDATA[]]></system-err>
</testsuite>
