<?xml version="1.0" encoding="UTF-8"?>
<testsuite name="org.openmuc.axdr.compiler.axdrexample.X690AxdrExampleCodingTest" tests="1" skipped="0" failures="0" errors="0" timestamp="2017-06-17T18:01:21" hostname="mcmahonpc-X450CP" time="0.004">
  <properties/>
  <testcase name="encodingDecoding" classname="org.openmuc.axdr.compiler.axdrexample.X690AxdrExampleCodingTest" time="0.004"/>
  <system-out><![CDATA[]]></system-out>
  <system-err><![CDATA[]]></system-err>
</testsuite>
