<?xml version="1.0" encoding="UTF-8"?>
<testsuite name="org.openmuc.jdlms.GracefulDisonnectTest" tests="2" skipped="0" failures="0" errors="0" timestamp="2017-06-23T16:55:37" hostname="mcmahonpc-X450CP" time="1.397">
  <properties/>
  <testcase name="test2" classname="org.openmuc.jdlms.GracefulDisonnectTest" time="0.241"/>
  <testcase name="test1" classname="org.openmuc.jdlms.GracefulDisonnectTest" time="1.148"/>
  <system-out><![CDATA[]]></system-out>
  <system-err><![CDATA[]]></system-err>
</testsuite>
