<?xml version="1.0" encoding="UTF-8"?>
<testsuite name="org.openmuc.jdlms.GmacTest" tests="1" skipped="0" failures="0" errors="0" timestamp="2017-06-17T00:02:24" hostname="mcmahonpc-X450CP" time="0.011">
  <properties/>
  <testcase name="doGmacTestFromStandardExample" classname="org.openmuc.jdlms.GmacTest" time="0.011"/>
  <system-out><![CDATA[]]></system-out>
  <system-err><![CDATA[]]></system-err>
</testsuite>
