<?xml version="1.0" encoding="UTF-8"?>
<testsuite name="org.openmuc.jdlms.internal.sessionlayer.hdlc.FcsCalcTest" tests="1" skipped="0" failures="0" errors="0" timestamp="2017-06-23T16:55:39" hostname="mcmahonpc-X450CP" time="0.012">
  <properties/>
  <testcase name="testFcsCalc" classname="org.openmuc.jdlms.internal.sessionlayer.hdlc.FcsCalcTest" time="0.012"/>
  <system-out><![CDATA[]]></system-out>
  <system-err><![CDATA[]]></system-err>
</testsuite>
