<?xml version="1.0" encoding="UTF-8"?>
<testsuite name="org.openmuc.jdlms.internal.sessionlayer.hdlc.HdlcAddressTest" tests="10" skipped="0" failures="0" errors="0" timestamp="2017-06-17T23:29:19" hostname="mcmahonpc-X450CP" time="0.016">
  <properties/>
  <testcase name="Testing if C9 decodes to 64" classname="org.openmuc.jdlms.internal.sessionlayer.hdlc.HdlcAddressTest" time="0.0"/>
  <testcase name="Testing if 0223 decodes to 01-11" classname="org.openmuc.jdlms.internal.sessionlayer.hdlc.HdlcAddressTest" time="0.0"/>
  <testcase name="Testing if 02220003 decodes to 0091-0001" classname="org.openmuc.jdlms.internal.sessionlayer.hdlc.HdlcAddressTest" time="0.0"/>
  <testcase name="[0] 9 (test_decode)" classname="org.openmuc.jdlms.internal.sessionlayer.hdlc.HdlcAddressTest" time="0.0"/>
  <testcase name="[1] 30 (test_decode)" classname="org.openmuc.jdlms.internal.sessionlayer.hdlc.HdlcAddressTest" time="0.0"/>
  <testcase name="[2] 27 (test_decode)" classname="org.openmuc.jdlms.internal.sessionlayer.hdlc.HdlcAddressTest" time="0.0"/>
  <testcase name="[3] 77 (test_decode)" classname="org.openmuc.jdlms.internal.sessionlayer.hdlc.HdlcAddressTest" time="0.0"/>
  <testcase name="[4] 10 (test_decode)" classname="org.openmuc.jdlms.internal.sessionlayer.hdlc.HdlcAddressTest" time="0.0"/>
  <testcase name="Test if 0A encoded and decoded again equals itself" classname="org.openmuc.jdlms.internal.sessionlayer.hdlc.HdlcAddressTest" time="0.0"/>
  <testcase name="Test if 0A-0C encoded and decoded again equals itself" classname="org.openmuc.jdlms.internal.sessionlayer.hdlc.HdlcAddressTest" time="0.0"/>
  <system-out><![CDATA[]]></system-out>
  <system-err><![CDATA[]]></system-err>
</testsuite>
