<?xml version="1.0" encoding="UTF-8"?>
<testsuite name="org.openmuc.jdlms.GracefulDisonnectTest" tests="2" skipped="0" failures="0" errors="0" timestamp="2017-06-22T21:55:12" hostname="mcmahonpc-X450CP" time="0.502">
  <properties/>
  <testcase name="test1" classname="org.openmuc.jdlms.GracefulDisonnectTest" time="0.489"/>
  <testcase name="test2" classname="org.openmuc.jdlms.GracefulDisonnectTest" time="0.006"/>
  <system-out><![CDATA[]]></system-out>
  <system-err><![CDATA[]]></system-err>
</testsuite>
