<?xml version="1.0" encoding="UTF-8"?>
<testsuite name="org.openmuc.jdlms.interfaceclass.attribute.AttributeDirectoryTest" tests="3" skipped="0" failures="0" errors="0" timestamp="2017-06-17T23:29:21" hostname="mcmahonpc-X450CP" time="0.012">
  <properties/>
  <testcase name="testDirectory1" classname="org.openmuc.jdlms.interfaceclass.attribute.AttributeDirectoryTest" time="0.01"/>
  <testcase name="Test illegal combination of classId = 200, attributeId =  and version = 2" classname="org.openmuc.jdlms.interfaceclass.attribute.AttributeDirectoryTest" time="0.0"/>
  <testcase name="Test illegal combination of classId = 15, attributeId =  and version = 99" classname="org.openmuc.jdlms.interfaceclass.attribute.AttributeDirectoryTest" time="0.0"/>
  <system-out><![CDATA[]]></system-out>
  <system-err><![CDATA[]]></system-err>
</testsuite>
