<?xml version="1.0" encoding="UTF-8"?>
<testsuite name="org.openmuc.jdlms.AssociationActionFragmentTest" tests="1" skipped="0" failures="0" errors="0" timestamp="2017-06-17T23:29:21" hostname="mcmahonpc-X450CP" time="0.467">
  <properties/>
  <testcase name="test1" classname="org.openmuc.jdlms.AssociationActionFragmentTest" time="0.467"/>
  <system-out><![CDATA[]]></system-out>
  <system-err><![CDATA[]]></system-err>
</testsuite>
