<?xml version="1.0" encoding="UTF-8"?>
<testsuite name="org.openmuc.jdlms.internal.sessionlayer.wrapper.WrapperTest" tests="2" skipped="0" failures="0" errors="0" timestamp="2017-06-17T18:01:12" hostname="mcmahonpc-X450CP" time="0.006">
  <properties/>
  <testcase name="decode1" classname="org.openmuc.jdlms.internal.sessionlayer.wrapper.WrapperTest" time="0.004"/>
  <testcase name="decode2" classname="org.openmuc.jdlms.internal.sessionlayer.wrapper.WrapperTest" time="0.001"/>
  <system-out><![CDATA[]]></system-out>
  <system-err><![CDATA[]]></system-err>
</testsuite>
