<?xml version="1.0" encoding="UTF-8"?>
<testsuite name="org.openmuc.jdlms.internal.MessageFragmentTest" tests="1" skipped="0" failures="0" errors="0" timestamp="2017-06-17T18:01:12" hostname="mcmahonpc-X450CP" time="0.007">
  <properties/>
  <testcase name="testReadAll" classname="org.openmuc.jdlms.internal.MessageFragmentTest" time="0.007"/>
  <system-out><![CDATA[]]></system-out>
  <system-err><![CDATA[]]></system-err>
</testsuite>
