<?xml version="1.0" encoding="UTF-8"?>
<testsuite name="org.openmuc.jdlms.internal.sessionlayer.hdlc.HdlcFrameTest" tests="7" skipped="0" failures="0" errors="0" timestamp="2017-06-23T16:55:39" hostname="mcmahonpc-X450CP" time="0.035">
  <properties/>
  <testcase name="decode_with_decoder" classname="org.openmuc.jdlms.internal.sessionlayer.hdlc.HdlcFrameTest" time="0.03"/>
  <testcase name="decode1" classname="org.openmuc.jdlms.internal.sessionlayer.hdlc.HdlcFrameTest" time="0.0"/>
  <testcase name="decode2" classname="org.openmuc.jdlms.internal.sessionlayer.hdlc.HdlcFrameTest" time="0.0"/>
  <testcase name="decode3" classname="org.openmuc.jdlms.internal.sessionlayer.hdlc.HdlcFrameTest" time="0.0"/>
  <testcase name="decode4" classname="org.openmuc.jdlms.internal.sessionlayer.hdlc.HdlcFrameTest" time="0.0"/>
  <testcase name="decode5" classname="org.openmuc.jdlms.internal.sessionlayer.hdlc.HdlcFrameTest" time="0.001"/>
  <testcase name="decode6" classname="org.openmuc.jdlms.internal.sessionlayer.hdlc.HdlcFrameTest" time="0.0"/>
  <system-out><![CDATA[]]></system-out>
  <system-err><![CDATA[]]></system-err>
</testsuite>
