<?xml version="1.0" encoding="UTF-8"?>
<testsuite name="org.openmuc.jdlms.LnConformanceSettingTest" tests="2" skipped="0" failures="0" errors="0" timestamp="2017-06-22T21:55:16" hostname="mcmahonpc-X450CP" time="0.0">
  <properties/>
  <testcase name="testSymmetry" classname="org.openmuc.jdlms.LnConformanceSettingTest" time="0.0"/>
  <testcase name="test1" classname="org.openmuc.jdlms.LnConformanceSettingTest" time="0.0"/>
  <system-out><![CDATA[]]></system-out>
  <system-err><![CDATA[]]></system-err>
</testsuite>
