<?xml version="1.0" encoding="UTF-8"?>
<testsuite name="org.openmuc.jdlms.internal.MessageFragmentTest" tests="1" skipped="0" failures="0" errors="0" timestamp="2017-06-22T21:55:13" hostname="mcmahonpc-X450CP" time="0.006">
  <properties/>
  <testcase name="testReadAll" classname="org.openmuc.jdlms.internal.MessageFragmentTest" time="0.006"/>
  <system-out><![CDATA[]]></system-out>
  <system-err><![CDATA[]]></system-err>
</testsuite>
