<?xml version="1.0" encoding="UTF-8"?>
<testsuite name="org.openmuc.jdlms.AssociationActionFragmentTest" tests="1" skipped="0" failures="0" errors="0" timestamp="2017-06-23T16:55:48" hostname="mcmahonpc-X450CP" time="1.361">
  <properties/>
  <testcase name="test1" classname="org.openmuc.jdlms.AssociationActionFragmentTest" time="1.361"/>
  <system-out><![CDATA[]]></system-out>
  <system-err><![CDATA[]]></system-err>
</testsuite>
