<?xml version="1.0" encoding="UTF-8"?>
<testsuite name="org.openmuc.jdlms.internal.transportlayer.LocalDataExchangeTest" tests="8" skipped="0" failures="0" errors="0" timestamp="2017-06-23T16:55:42" hostname="mcmahonpc-X450CP" time="0.29">
  <properties/>
  <testcase name="testBaudRateTransformation0[baud rate char 0; expected value 300]" classname="org.openmuc.jdlms.internal.transportlayer.LocalDataExchangeTest" time="0.199"/>
  <testcase name="testBaudRateTransformationError2[baud rate char 0; expected value 300]" classname="org.openmuc.jdlms.internal.transportlayer.LocalDataExchangeTest" time="0.015"/>
  <testcase name="testBaudRateTransformation0[baud rate char 1; expected value 600]" classname="org.openmuc.jdlms.internal.transportlayer.LocalDataExchangeTest" time="0.006"/>
  <testcase name="testBaudRateTransformationError2[baud rate char 1; expected value 600]" classname="org.openmuc.jdlms.internal.transportlayer.LocalDataExchangeTest" time="0.012"/>
  <testcase name="testBaudRateTransformation0[baud rate char 2; expected value 1,200]" classname="org.openmuc.jdlms.internal.transportlayer.LocalDataExchangeTest" time="0.007"/>
  <testcase name="testBaudRateTransformationError2[baud rate char 2; expected value 1,200]" classname="org.openmuc.jdlms.internal.transportlayer.LocalDataExchangeTest" time="0.009"/>
  <testcase name="testBaudRateTransformation0[baud rate char 3; expected value 2,400]" classname="org.openmuc.jdlms.internal.transportlayer.LocalDataExchangeTest" time="0.005"/>
  <testcase name="testBaudRateTransformationError2[baud rate char 3; expected value 2,400]" classname="org.openmuc.jdlms.internal.transportlayer.LocalDataExchangeTest" time="0.012"/>
  <system-out><![CDATA[]]></system-out>
  <system-err><![CDATA[Detected late test-suite preparation of already initiated test-class org.openmuc.jdlms.internal.transportlayer.LocalDataExchangeTest
]]></system-err>
</testsuite>
