<?xml version="1.0" encoding="UTF-8"?>
<testsuite name="org.openmuc.jdlms.LnDataBlockGetTest" tests="1" skipped="0" failures="0" errors="0" timestamp="2017-06-17T23:29:20" hostname="mcmahonpc-X450CP" time="0.446">
  <properties/>
  <testcase name="get1Test" classname="org.openmuc.jdlms.LnDataBlockGetTest" time="0.446"/>
  <system-out><![CDATA[]]></system-out>
  <system-err><![CDATA[]]></system-err>
</testsuite>
