<?xml version="1.0" encoding="UTF-8"?>
<testsuite name="org.openmuc.jdlms.GracefulDisonnectTest" tests="2" skipped="0" failures="0" errors="0" timestamp="2017-06-17T23:29:18" hostname="mcmahonpc-X450CP" time="0.454">
  <properties/>
  <testcase name="test2" classname="org.openmuc.jdlms.GracefulDisonnectTest" time="0.071"/>
  <testcase name="test1" classname="org.openmuc.jdlms.GracefulDisonnectTest" time="0.38"/>
  <system-out><![CDATA[]]></system-out>
  <system-err><![CDATA[]]></system-err>
</testsuite>
