<?xml version="1.0" encoding="UTF-8"?>
<testsuite name="org.openmuc.jdlms.LnDataBlockGetTest" tests="1" skipped="0" failures="0" errors="0" timestamp="2017-06-17T00:02:24" hostname="mcmahonpc-X450CP" time="0.39">
  <properties/>
  <testcase name="get1Test" classname="org.openmuc.jdlms.LnDataBlockGetTest" time="0.39"/>
  <system-out><![CDATA[]]></system-out>
  <system-err><![CDATA[]]></system-err>
</testsuite>
